<?xml version="1.0" encoding="UTF-8"?>
<!-- Generated by org.testng.reporters.JUnitReportReporter -->
<testsuite hostname="DESKTOP-C6KC6SO" failures="0" tests="2" name="testClasses.VerifyUserCanGetLowestPriceProduct" time="16.371" errors="0" timestamp="2022-10-10T16:23:11 IST" skipped="0">
  <testcase classname="testClasses.VerifyUserCanGetLowestPriceProduct" name="VerifyUserCanSearchProduct" time="7.620"/>
  <system-out/>
  <testcase classname="testClasses.VerifyUserCanGetLowestPriceProduct" name="VerifyUserCanGetLowestPriceProductFromEachPage" time="8.751"/>
  <system-out/>
</testsuite> <!-- testClasses.VerifyUserCanGetLowestPriceProduct -->
