<?xml version="1.0" encoding="UTF-8"?>
<!-- Generated by org.testng.reporters.JUnitReportReporter -->
<testsuite hostname="DESKTOP-C6KC6SO" failures="0" tests="3" name="testClasses.VerifyUserCanAddNewAddress" time="15.671" errors="0" timestamp="2022-10-10T16:23:11 IST" skipped="0">
  <testcase classname="testClasses.VerifyUserCanAddNewAddress" name="verifyUserCanOpenProfilePage" time="11.409"/>
  <system-out/>
  <testcase classname="testClasses.VerifyUserCanAddNewAddress" name="addNewAddress" time="2.243"/>
  <system-out/>
  <testcase classname="testClasses.VerifyUserCanAddNewAddress" name="addNewAddress" time="2.019"/>
  <system-out/>
</testsuite> <!-- testClasses.VerifyUserCanAddNewAddress -->
